  UnitTest1.cpp
D:\University\Algoritmizaciya and programyvanya\PR 12.2(Iter)\PR 12.2(Iter)\Source.cpp(13,1): error C2011: 'Elem': 'struct' type redefinition
D:\University\Algoritmizaciya and programyvanya\PR 12.2(Iter)\PR 12.2(Iter)\Source.cpp(12): message : see declaration of 'Elem'
D:\University\Algoritmizaciya and programyvanya\PR 12.2(Iter)\PR 12.2(Iter)\Source.cpp(23,5): error C2084: function 'int main(void)' already has a body
D:\University\Algoritmizaciya and programyvanya\PR 12.2(Iter)\PR 12.2(Iter)\Source.cpp(23): message : see previous definition of 'main'
D:\University\Algoritmizaciya and programyvanya\PR 12.2(Iter)\PR 12.2(Iter)\Source.cpp(54,6): error C2084: function 'void enqueue(Elem *&,Elem *&,Info)' already has a body
D:\University\Algoritmizaciya and programyvanya\PR 12.2(Iter)\PR 12.2(Iter)\Source.cpp(54): message : see previous definition of 'enqueue'
D:\University\Algoritmizaciya and programyvanya\PR 12.2(Iter)\PR 12.2(Iter)\Source.cpp(56,22): error C2027: use of undefined type 'Elem'
D:\University\Algoritmizaciya and programyvanya\PR 12.2(Iter)\PR 12.2(Iter)\Source.cpp(12): message : see declaration of 'Elem'
D:\University\Algoritmizaciya and programyvanya\PR 12.2(Iter)\PR 12.2(Iter)\Source.cpp(57,5): error C2027: use of undefined type 'Elem'
D:\University\Algoritmizaciya and programyvanya\PR 12.2(Iter)\PR 12.2(Iter)\Source.cpp(12): message : see declaration of 'Elem'
D:\University\Algoritmizaciya and programyvanya\PR 12.2(Iter)\PR 12.2(Iter)\Source.cpp(58,5): error C2027: use of undefined type 'Elem'
D:\University\Algoritmizaciya and programyvanya\PR 12.2(Iter)\PR 12.2(Iter)\Source.cpp(12): message : see declaration of 'Elem'
D:\University\Algoritmizaciya and programyvanya\PR 12.2(Iter)\PR 12.2(Iter)\Source.cpp(60,7): error C2027: use of undefined type 'Elem'
D:\University\Algoritmizaciya and programyvanya\PR 12.2(Iter)\PR 12.2(Iter)\Source.cpp(12): message : see declaration of 'Elem'
D:\University\Algoritmizaciya and programyvanya\PR 12.2(Iter)\PR 12.2(Iter)\Source.cpp(66,6): error C2084: function 'Info dequeue(Elem *&,Elem *&)' already has a body
D:\University\Algoritmizaciya and programyvanya\PR 12.2(Iter)\PR 12.2(Iter)\Source.cpp(66): message : see previous definition of 'dequeue'
D:\University\Algoritmizaciya and programyvanya\PR 12.2(Iter)\PR 12.2(Iter)\Source.cpp(68,19): error C2027: use of undefined type 'Elem'
D:\University\Algoritmizaciya and programyvanya\PR 12.2(Iter)\PR 12.2(Iter)\Source.cpp(12): message : see declaration of 'Elem'
D:\University\Algoritmizaciya and programyvanya\PR 12.2(Iter)\PR 12.2(Iter)\Source.cpp(69,20): error C2027: use of undefined type 'Elem'
D:\University\Algoritmizaciya and programyvanya\PR 12.2(Iter)\PR 12.2(Iter)\Source.cpp(12): message : see declaration of 'Elem'
D:\University\Algoritmizaciya and programyvanya\PR 12.2(Iter)\PR 12.2(Iter)\Source.cpp(70,14): warning C4150: deletion of pointer to incomplete type 'Elem'; no destructor called
D:\University\Algoritmizaciya and programyvanya\PR 12.2(Iter)\PR 12.2(Iter)\Source.cpp(12): message : see declaration of 'Elem'
D:\University\Algoritmizaciya and programyvanya\PR 12.2(Iter)\PR 12.2(Iter)\Source.cpp(77,6): error C2084: function 'void print(Elem *)' already has a body
D:\University\Algoritmizaciya and programyvanya\PR 12.2(Iter)\PR 12.2(Iter)\Source.cpp(77): message : see previous definition of 'print'
D:\University\Algoritmizaciya and programyvanya\PR 12.2(Iter)\PR 12.2(Iter)\Source.cpp(81,12): error C2027: use of undefined type 'Elem'
D:\University\Algoritmizaciya and programyvanya\PR 12.2(Iter)\PR 12.2(Iter)\Source.cpp(12): message : see declaration of 'Elem'
D:\University\Algoritmizaciya and programyvanya\PR 12.2(Iter)\PR 12.2(Iter)\Source.cpp(82,8): error C2027: use of undefined type 'Elem'
D:\University\Algoritmizaciya and programyvanya\PR 12.2(Iter)\PR 12.2(Iter)\Source.cpp(12): message : see declaration of 'Elem'
D:\University\Algoritmizaciya and programyvanya\PR 12.2(Iter)\PR 12.2(Iter)\Source.cpp(87,6): error C2084: function 'void process(Elem *,Info)' already has a body
D:\University\Algoritmizaciya and programyvanya\PR 12.2(Iter)\PR 12.2(Iter)\Source.cpp(87): message : see previous definition of 'process'
D:\University\Algoritmizaciya and programyvanya\PR 12.2(Iter)\PR 12.2(Iter)\Source.cpp(91,6): error C2027: use of undefined type 'Elem'
D:\University\Algoritmizaciya and programyvanya\PR 12.2(Iter)\PR 12.2(Iter)\Source.cpp(12): message : see declaration of 'Elem'
D:\University\Algoritmizaciya and programyvanya\PR 12.2(Iter)\PR 12.2(Iter)\Source.cpp(93,24): error C2027: use of undefined type 'Elem'
D:\University\Algoritmizaciya and programyvanya\PR 12.2(Iter)\PR 12.2(Iter)\Source.cpp(12): message : see declaration of 'Elem'
D:\University\Algoritmizaciya and programyvanya\PR 12.2(Iter)\PR 12.2(Iter)\Source.cpp(94,7): error C2027: use of undefined type 'Elem'
D:\University\Algoritmizaciya and programyvanya\PR 12.2(Iter)\PR 12.2(Iter)\Source.cpp(12): message : see declaration of 'Elem'
D:\University\Algoritmizaciya and programyvanya\PR 12.2(Iter)\PR 12.2(Iter)\Source.cpp(95,7): error C2027: use of undefined type 'Elem'
D:\University\Algoritmizaciya and programyvanya\PR 12.2(Iter)\PR 12.2(Iter)\Source.cpp(12): message : see declaration of 'Elem'
D:\University\Algoritmizaciya and programyvanya\PR 12.2(Iter)\PR 12.2(Iter)\Source.cpp(95,17): error C2027: use of undefined type 'Elem'
D:\University\Algoritmizaciya and programyvanya\PR 12.2(Iter)\PR 12.2(Iter)\Source.cpp(12): message : see declaration of 'Elem'
D:\University\Algoritmizaciya and programyvanya\PR 12.2(Iter)\PR 12.2(Iter)\Source.cpp(96,5): error C2027: use of undefined type 'Elem'
D:\University\Algoritmizaciya and programyvanya\PR 12.2(Iter)\PR 12.2(Iter)\Source.cpp(12): message : see declaration of 'Elem'
D:\University\Algoritmizaciya and programyvanya\PR 12.2(Iter)\PR 12.2(Iter)\Source.cpp(97,9): error C2027: use of undefined type 'Elem'
D:\University\Algoritmizaciya and programyvanya\PR 12.2(Iter)\PR 12.2(Iter)\Source.cpp(12): message : see declaration of 'Elem'
D:\University\Algoritmizaciya and programyvanya\PR 12.2(Iter)\PR 12.2(Iter)\Source.cpp(99,8): error C2027: use of undefined type 'Elem'
D:\University\Algoritmizaciya and programyvanya\PR 12.2(Iter)\PR 12.2(Iter)\Source.cpp(12): message : see declaration of 'Elem'
D:\University\Algoritmizaciya and programyvanya\PR 12.2(Iter)\UnitTest1\UnitTest1.cpp(18,1): error C2027: use of undefined type 'Elem'
D:\University\Algoritmizaciya and programyvanya\PR 12.2(Iter)\PR 12.2(Iter)\Source.cpp(12): message : see declaration of 'Elem'
D:\University\Algoritmizaciya and programyvanya\PR 12.2(Iter)\UnitTest1\UnitTest1.cpp(19,1): error C2027: use of undefined type 'Elem'
D:\University\Algoritmizaciya and programyvanya\PR 12.2(Iter)\PR 12.2(Iter)\Source.cpp(12): message : see declaration of 'Elem'
D:\University\Algoritmizaciya and programyvanya\PR 12.2(Iter)\UnitTest1\UnitTest1.cpp(20,1): error C2027: use of undefined type 'Elem'
D:\University\Algoritmizaciya and programyvanya\PR 12.2(Iter)\PR 12.2(Iter)\Source.cpp(12): message : see declaration of 'Elem'
D:\University\Algoritmizaciya and programyvanya\PR 12.2(Iter)\UnitTest1\UnitTest1.cpp(21,1): error C2027: use of undefined type 'Elem'
D:\University\Algoritmizaciya and programyvanya\PR 12.2(Iter)\PR 12.2(Iter)\Source.cpp(12): message : see declaration of 'Elem'
D:\University\Algoritmizaciya and programyvanya\PR 12.2(Iter)\UnitTest1\UnitTest1.cpp(22,1): error C2027: use of undefined type 'Elem'
D:\University\Algoritmizaciya and programyvanya\PR 12.2(Iter)\PR 12.2(Iter)\Source.cpp(12): message : see declaration of 'Elem'
D:\University\Algoritmizaciya and programyvanya\PR 12.2(Iter)\UnitTest1\UnitTest1.cpp(23,1): error C2027: use of undefined type 'Elem'
D:\University\Algoritmizaciya and programyvanya\PR 12.2(Iter)\PR 12.2(Iter)\Source.cpp(12): message : see declaration of 'Elem'
D:\University\Algoritmizaciya and programyvanya\PR 12.2(Iter)\UnitTest1\UnitTest1.cpp(25,1): error C2027: use of undefined type 'Elem'
D:\University\Algoritmizaciya and programyvanya\PR 12.2(Iter)\PR 12.2(Iter)\Source.cpp(12): message : see declaration of 'Elem'
D:\University\Algoritmizaciya and programyvanya\PR 12.2(Iter)\UnitTest1\UnitTest1.cpp(27,4): error C2065: 'enqueue': undeclared identifier
D:\University\Algoritmizaciya and programyvanya\PR 12.2(Iter)\UnitTest1\UnitTest1.cpp(29,1): error C2027: use of undefined type 'Elem'
D:\University\Algoritmizaciya and programyvanya\PR 12.2(Iter)\PR 12.2(Iter)\Source.cpp(12): message : see declaration of 'Elem'
